Determining if the pthread_create exist failed with the following output:
Change Dir: /home/ty/Workspace/ROS/study_ws/src/stereo_camera/cmake-build-debug/CMakeFiles/CMakeTmp

Run Build Command(s):/usr/bin/make cmTC_2bd01/fast 
/usr/bin/make -f CMakeFiles/cmTC_2bd01.dir/build.make CMakeFiles/cmTC_2bd01.dir/build
make[1]: Entering directory '/home/ty/Workspace/ROS/study_ws/src/stereo_camera/cmake-build-debug/CMakeFiles/CMakeTmp'
Building C object CMakeFiles/cmTC_2bd01.dir/CheckSymbolExists.c.o
/usr/bin/cc    -o CMakeFiles/cmTC_2bd01.dir/CheckSymbolExists.c.o   -c /home/ty/Workspace/ROS/study_ws/src/stereo_camera/cmake-build-debug/CMakeFiles/CMakeTmp/CheckSymbolExists.c
Linking C executable cmTC_2bd01
/home/ty/Softwares/clion-2019.1.4/bin/cmake/linux/bin/cmake -E cmake_link_script CMakeFiles/cmTC_2bd01.dir/link.txt --verbose=1
/usr/bin/cc      -rdynamic CMakeFiles/cmTC_2bd01.dir/CheckSymbolExists.c.o  -o cmTC_2bd01 
CMakeFiles/cmTC_2bd01.dir/CheckSymbolExists.c.o: In function `main':
CheckSymbolExists.c:(.text+0x1b): undefined reference to `pthread_create'
collect2: error: ld returned 1 exit status
CMakeFiles/cmTC_2bd01.dir/build.make:86: recipe for target 'cmTC_2bd01' failed
make[1]: *** [cmTC_2bd01] Error 1
make[1]: Leaving directory '/home/ty/Workspace/ROS/study_ws/src/stereo_camera/cmake-build-debug/CMakeFiles/CMakeTmp'
Makefile:121: recipe for target 'cmTC_2bd01/fast' failed
make: *** [cmTC_2bd01/fast] Error 2

File /home/ty/Workspace/ROS/study_ws/src/stereo_camera/cmake-build-debug/CMakeFiles/CMakeTmp/CheckSymbolExists.c:
/* */
#include <pthread.h>

int main(int argc, char** argv)
{
  (void)argv;
#ifndef pthread_create
  return ((int*)(&pthread_create))[argc];
#else
  (void)argc;
  return 0;
#endif
}

Determining if the function pthread_create exists in the pthreads failed with the following output:
Change Dir: /home/ty/Workspace/ROS/study_ws/src/stereo_camera/cmake-build-debug/CMakeFiles/CMakeTmp

Run Build Command(s):/usr/bin/make cmTC_c04b1/fast 
/usr/bin/make -f CMakeFiles/cmTC_c04b1.dir/build.make CMakeFiles/cmTC_c04b1.dir/build
make[1]: Entering directory '/home/ty/Workspace/ROS/study_ws/src/stereo_camera/cmake-build-debug/CMakeFiles/CMakeTmp'
Building C object CMakeFiles/cmTC_c04b1.dir/CheckFunctionExists.c.o
/usr/bin/cc   -DCHECK_FUNCTION_EXISTS=pthread_create   -o CMakeFiles/cmTC_c04b1.dir/CheckFunctionExists.c.o   -c /home/ty/Softwares/clion-2019.1.4/bin/cmake/linux/share/cmake-3.14/Modules/CheckFunctionExists.c
Linking C executable cmTC_c04b1
/home/ty/Softwares/clion-2019.1.4/bin/cmake/linux/bin/cmake -E cmake_link_script CMakeFiles/cmTC_c04b1.dir/link.txt --verbose=1
/usr/bin/cc  -DCHECK_FUNCTION_EXISTS=pthread_create    -rdynamic CMakeFiles/cmTC_c04b1.dir/CheckFunctionExists.c.o  -o cmTC_c04b1 -lpthreads 
/usr/bin/ld: cannot find -lpthreads
collect2: error: ld returned 1 exit status
CMakeFiles/cmTC_c04b1.dir/build.make:86: recipe for target 'cmTC_c04b1' failed
make[1]: *** [cmTC_c04b1] Error 1
make[1]: Leaving directory '/home/ty/Workspace/ROS/study_ws/src/stereo_camera/cmake-build-debug/CMakeFiles/CMakeTmp'
Makefile:121: recipe for target 'cmTC_c04b1/fast' failed
make: *** [cmTC_c04b1/fast] Error 2


